[22:26:28.733] Global cache location '/home/lamanator/.cache/typescript/4.7', safe file path '/home/lamanator/Desktop/Git/lamduong33.github.io/node_modules/typescript/lib/typingSafeList.json', types map path /home/lamanator/Desktop/Git/lamduong33.github.io/node_modules/typescript/lib/typesMap.json
[22:26:28.734] Processing cache location '/home/lamanator/.cache/typescript/4.7'
[22:26:28.734] Trying to find '/home/lamanator/.cache/typescript/4.7/package.json'...
[22:26:28.734] Loaded content of '/home/lamanator/.cache/typescript/4.7/package.json': {"private":true,"dependencies":{"types-registry":"^0.1.595"},"devDependencies":{"@types/ffmpeg":"^1.0.4","@types/fluent-ffmpeg":"^2.1.20","@types/npm":"^7.19.0","@types/react":"^18.0.12","@types/react-dom":"^18.0.5","@types/testing-library__jest-dom":"^5.14.3"}}
[22:26:28.734] Loaded content of '/home/lamanator/.cache/typescript/4.7/package-lock.json'
[22:26:28.742] Adding entry into typings cache: 'ffmpeg' => '/home/lamanator/.cache/typescript/4.7/node_modules/@types/ffmpeg/index.d.ts'
[22:26:28.743] Adding entry into typings cache: 'fluent-ffmpeg' => '/home/lamanator/.cache/typescript/4.7/node_modules/@types/fluent-ffmpeg/index.d.ts'
[22:26:28.744] Adding entry into typings cache: 'npm' => '/home/lamanator/.cache/typescript/4.7/node_modules/@types/npm/index.d.ts'
[22:26:28.746] Adding entry into typings cache: 'react' => '/home/lamanator/.cache/typescript/4.7/node_modules/@types/react/index.d.ts'
[22:26:28.748] Adding entry into typings cache: 'react-dom' => '/home/lamanator/.cache/typescript/4.7/node_modules/@types/react-dom/index.d.ts'
[22:26:28.749] Adding entry into typings cache: 'testing-library__jest-dom' => '/home/lamanator/.cache/typescript/4.7/node_modules/@types/testing-library__jest-dom/index.d.ts'
[22:26:28.749] Finished processing cache location '/home/lamanator/.cache/typescript/4.7'
[22:26:28.749] Process id: 224539
[22:26:28.749] NPM location: /usr/bin/npm (explicit '--npmLocation' not  provided)
[22:26:28.749] validateDefaultNpmLocation: false
[22:26:28.749] Npm config file: /home/lamanator/.cache/typescript/4.7/package.json
[22:26:28.749] Updating types-registry npm package...
[22:26:28.749] Exec: /usr/bin/npm install --ignore-scripts types-registry@latest
[22:26:29.465]     Succeeded. stdout:
    
    up to date, audited 27 packages in 606ms

3 packages are looking for funding
  run `npm fund` for details

found 0 vulnerabilities

[22:26:29.465] Updated types-registry npm package
[22:26:30.089] Got install request {"projectName":"/dev/null/inferredProject1*","fileNames":["/home/lamanator/Desktop/Git/lamduong33.github.io/node_modules/typescript/lib/lib.es5.d.ts","/home/lamanator/Desktop/Git/lamduong33.github.io/node_modules/typescript/lib/lib.es2015.d.ts","/home/lamanator/Desktop/Git/lamduong33.github.io/node_modules/typescript/lib/lib.es2016.d.ts","/home/lamanator/Desktop/Git/lamduong33.github.io/node_modules/typescript/lib/lib.dom.d.ts","/home/lamanator/Desktop/Git/lamduong33.github.io/node_modules/typescript/lib/lib.dom.iterable.d.ts","/home/lamanator/Desktop/Git/lamduong33.github.io/node_modules/typescript/lib/lib.webworker.importscripts.d.ts","/home/lamanator/Desktop/Git/lamduong33.github.io/node_modules/typescript/lib/lib.scripthost.d.ts","/home/lamanator/Desktop/Git/lamduong33.github.io/node_modules/typescript/lib/lib.es2015.core.d.ts","/home/lamanator/Desktop/Git/lamduong33.github.io/node_modules/typescript/lib/lib.es2015.collection.d.ts","/home/lamanator/Desktop/Git/lamduong33.github.io/node_modules/typescript/lib/lib.es2015.generator.d.ts","/home/lamanator/Desktop/Git/lamduong33.github.io/node_modules/typescript/lib/lib.es2015.iterable.d.ts","/home/lamanator/Desktop/Git/lamduong33.github.io/node_modules/typescript/lib/lib.es2015.promise.d.ts","/home/lamanator/Desktop/Git/lamduong33.github.io/node_modules/typescript/lib/lib.es2015.proxy.d.ts","/home/lamanator/Desktop/Git/lamduong33.github.io/node_modules/typescript/lib/lib.es2015.reflect.d.ts","/home/lamanator/Desktop/Git/lamduong33.github.io/node_modules/typescript/lib/lib.es2015.symbol.d.ts","/home/lamanator/Desktop/Git/lamduong33.github.io/node_modules/typescript/lib/lib.es2015.symbol.wellknown.d.ts","/home/lamanator/Desktop/Git/lamduong33.github.io/node_modules/typescript/lib/lib.es2016.array.include.d.ts","/home/lamanator/Desktop/Git/lamduong33.github.io/node_modules/typescript/lib/lib.es2016.full.d.ts","/home/lamanator/Desktop/Git/lamduong33.github.io/src/components/Todo.js","/home/lamanator/Desktop/Git/lamduong33.github.io/src/components/FilterButton.js","/home/lamanator/Desktop/Git/lamduong33.github.io/src/components/Form.js","/home/lamanator/Desktop/Git/lamduong33.github.io/src/App.js"],"compilerOptions":{"module":1,"target":3,"jsx":1,"allowJs":true,"allowSyntheticDefaultImports":true,"allowNonTsExtensions":true,"noEmitForJsFiles":true,"maxNodeModuleJsDepth":2},"typeAcquisition":{"enable":true,"include":[],"exclude":[]},"unresolvedImports":[],"projectRootPath":"/home/lamanator/Desktop/Git/lamduong33.github.io/src","kind":"discover"}
[22:26:30.095] Loaded safelist from types map file '/home/lamanator/Desktop/Git/lamduong33.github.io/node_modules/typescript/lib/typesMap.json'
[22:26:30.096] Explicitly included types: []
[22:26:30.096] Inferred typings from unresolved imports: []
[22:26:30.096] Result: {"cachedTypingPaths":[],"newTypingNames":[],"filesToWatch":["/home/lamanator/Desktop/Git/lamduong33.github.io/src/components/bower_components","/home/lamanator/Desktop/Git/lamduong33.github.io/src/components/node_modules","/home/lamanator/Desktop/Git/lamduong33.github.io/src/bower_components","/home/lamanator/Desktop/Git/lamduong33.github.io/src/node_modules"]}
[22:26:30.096] Finished typings discovery: {"cachedTypingPaths":[],"newTypingNames":[],"filesToWatch":["/home/lamanator/Desktop/Git/lamduong33.github.io/src/components/bower_components","/home/lamanator/Desktop/Git/lamduong33.github.io/src/components/node_modules","/home/lamanator/Desktop/Git/lamduong33.github.io/src/bower_components","/home/lamanator/Desktop/Git/lamduong33.github.io/src/node_modules"]}
[22:26:30.096] DirectoryWatcher:: Added:: WatchInfo: /home/lamanator/Desktop/Git/lamduong33.github.io/src/components
[22:26:30.097] DirectoryWatcher:: Added:: WatchInfo: /home/lamanator/Desktop/Git/lamduong33.github.io/src/components 1 undefined Project: /dev/null/inferredProject1* watcher already invoked: false
[22:26:30.098] Elapsed:: 0.9308800026774406ms DirectoryWatcher:: Added:: WatchInfo: /home/lamanator/Desktop/Git/lamduong33.github.io/src/components 1 undefined Project: /dev/null/inferredProject1* watcher already invoked: false
[22:26:30.098] DirectoryWatcher:: Added:: WatchInfo: /home/lamanator/Desktop/Git/lamduong33.github.io/src/bower_components
[22:26:30.098] DirectoryWatcher:: Added:: WatchInfo: /home/lamanator/Desktop/Git/lamduong33.github.io/src/bower_components 1 undefined Project: /dev/null/inferredProject1* watcher already invoked: false
[22:26:30.098] Elapsed:: 0.622238002717495ms DirectoryWatcher:: Added:: WatchInfo: /home/lamanator/Desktop/Git/lamduong33.github.io/src/bower_components 1 undefined Project: /dev/null/inferredProject1* watcher already invoked: false
[22:26:30.098] DirectoryWatcher:: Added:: WatchInfo: /home/lamanator/Desktop/Git/lamduong33.github.io/src/node_modules
[22:26:30.098] DirectoryWatcher:: Added:: WatchInfo: /home/lamanator/Desktop/Git/lamduong33.github.io/src/node_modules 1 undefined Project: /dev/null/inferredProject1* watcher already invoked: false
[22:26:30.099] Elapsed:: 0.05759099870920181ms DirectoryWatcher:: Added:: WatchInfo: /home/lamanator/Desktop/Git/lamduong33.github.io/src/node_modules 1 undefined Project: /dev/null/inferredProject1* watcher already invoked: false
[22:26:30.099] Sending response:
    {"projectName":"/dev/null/inferredProject1*","typeAcquisition":{"enable":true,"include":[],"exclude":[]},"compilerOptions":{"module":1,"target":3,"jsx":1,"allowJs":true,"allowSyntheticDefaultImports":true,"allowNonTsExtensions":true,"noEmitForJsFiles":true,"maxNodeModuleJsDepth":2},"typings":[],"unresolvedImports":[],"kind":"action::set"}
[22:26:30.099] Response has been sent.
[22:26:30.099] No new typings were requested as a result of typings discovery
[22:27:02.391] Got install request {"projectName":"/dev/null/inferredProject1*","fileNames":["/home/lamanator/Desktop/Git/lamduong33.github.io/node_modules/typescript/lib/lib.es5.d.ts","/home/lamanator/Desktop/Git/lamduong33.github.io/node_modules/typescript/lib/lib.es2015.d.ts","/home/lamanator/Desktop/Git/lamduong33.github.io/node_modules/typescript/lib/lib.es2016.d.ts","/home/lamanator/Desktop/Git/lamduong33.github.io/node_modules/typescript/lib/lib.dom.d.ts","/home/lamanator/Desktop/Git/lamduong33.github.io/node_modules/typescript/lib/lib.dom.iterable.d.ts","/home/lamanator/Desktop/Git/lamduong33.github.io/node_modules/typescript/lib/lib.webworker.importscripts.d.ts","/home/lamanator/Desktop/Git/lamduong33.github.io/node_modules/typescript/lib/lib.scripthost.d.ts","/home/lamanator/Desktop/Git/lamduong33.github.io/node_modules/typescript/lib/lib.es2015.core.d.ts","/home/lamanator/Desktop/Git/lamduong33.github.io/node_modules/typescript/lib/lib.es2015.collection.d.ts","/home/lamanator/Desktop/Git/lamduong33.github.io/node_modules/typescript/lib/lib.es2015.generator.d.ts","/home/lamanator/Desktop/Git/lamduong33.github.io/node_modules/typescript/lib/lib.es2015.iterable.d.ts","/home/lamanator/Desktop/Git/lamduong33.github.io/node_modules/typescript/lib/lib.es2015.promise.d.ts","/home/lamanator/Desktop/Git/lamduong33.github.io/node_modules/typescript/lib/lib.es2015.proxy.d.ts","/home/lamanator/Desktop/Git/lamduong33.github.io/node_modules/typescript/lib/lib.es2015.reflect.d.ts","/home/lamanator/Desktop/Git/lamduong33.github.io/node_modules/typescript/lib/lib.es2015.symbol.d.ts","/home/lamanator/Desktop/Git/lamduong33.github.io/node_modules/typescript/lib/lib.es2015.symbol.wellknown.d.ts","/home/lamanator/Desktop/Git/lamduong33.github.io/node_modules/typescript/lib/lib.es2016.array.include.d.ts","/home/lamanator/Desktop/Git/lamduong33.github.io/node_modules/typescript/lib/lib.es2016.full.d.ts","/home/lamanator/Desktop/Git/lamduong33.github.io/src/components/Todo.js","/home/lamanator/Desktop/Git/lamduong33.github.io/src/components/FilterButton.js","/home/lamanator/Desktop/Git/lamduong33.github.io/src/components/Form.js","/home/lamanator/Desktop/Git/lamduong33.github.io/src/App.js"],"compilerOptions":{"module":1,"target":3,"jsx":1,"allowJs":true,"allowSyntheticDefaultImports":true,"allowNonTsExtensions":true,"noEmitForJsFiles":true,"maxNodeModuleJsDepth":2},"typeAcquisition":{"enable":true,"include":[],"exclude":[]},"projectRootPath":"/home/lamanator/Desktop/Git/lamduong33.github.io/src","kind":"discover"}
[22:27:02.392] Explicitly included types: []
[22:27:02.393] Result: {"cachedTypingPaths":[],"newTypingNames":[],"filesToWatch":["/home/lamanator/Desktop/Git/lamduong33.github.io/src/components/bower_components","/home/lamanator/Desktop/Git/lamduong33.github.io/src/components/node_modules","/home/lamanator/Desktop/Git/lamduong33.github.io/src/bower_components","/home/lamanator/Desktop/Git/lamduong33.github.io/src/node_modules"]}
[22:27:02.393] Finished typings discovery: {"cachedTypingPaths":[],"newTypingNames":[],"filesToWatch":["/home/lamanator/Desktop/Git/lamduong33.github.io/src/components/bower_components","/home/lamanator/Desktop/Git/lamduong33.github.io/src/components/node_modules","/home/lamanator/Desktop/Git/lamduong33.github.io/src/bower_components","/home/lamanator/Desktop/Git/lamduong33.github.io/src/node_modules"]}
[22:27:02.393] Sending response:
    {"projectName":"/dev/null/inferredProject1*","typeAcquisition":{"enable":true,"include":[],"exclude":[]},"compilerOptions":{"module":1,"target":3,"jsx":1,"allowJs":true,"allowSyntheticDefaultImports":true,"allowNonTsExtensions":true,"noEmitForJsFiles":true,"maxNodeModuleJsDepth":2},"typings":[],"kind":"action::set"}
[22:27:02.393] Response has been sent.
[22:27:02.393] No new typings were requested as a result of typings discovery
[22:45:22.732] Got install request {"projectName":"/dev/null/inferredProject1*","fileNames":["/home/lamanator/Desktop/Git/lamduong33.github.io/node_modules/typescript/lib/lib.es5.d.ts","/home/lamanator/Desktop/Git/lamduong33.github.io/node_modules/typescript/lib/lib.es2015.d.ts","/home/lamanator/Desktop/Git/lamduong33.github.io/node_modules/typescript/lib/lib.es2016.d.ts","/home/lamanator/Desktop/Git/lamduong33.github.io/node_modules/typescript/lib/lib.dom.d.ts","/home/lamanator/Desktop/Git/lamduong33.github.io/node_modules/typescript/lib/lib.dom.iterable.d.ts","/home/lamanator/Desktop/Git/lamduong33.github.io/node_modules/typescript/lib/lib.webworker.importscripts.d.ts","/home/lamanator/Desktop/Git/lamduong33.github.io/node_modules/typescript/lib/lib.scripthost.d.ts","/home/lamanator/Desktop/Git/lamduong33.github.io/node_modules/typescript/lib/lib.es2015.core.d.ts","/home/lamanator/Desktop/Git/lamduong33.github.io/node_modules/typescript/lib/lib.es2015.collection.d.ts","/home/lamanator/Desktop/Git/lamduong33.github.io/node_modules/typescript/lib/lib.es2015.generator.d.ts","/home/lamanator/Desktop/Git/lamduong33.github.io/node_modules/typescript/lib/lib.es2015.iterable.d.ts","/home/lamanator/Desktop/Git/lamduong33.github.io/node_modules/typescript/lib/lib.es2015.promise.d.ts","/home/lamanator/Desktop/Git/lamduong33.github.io/node_modules/typescript/lib/lib.es2015.proxy.d.ts","/home/lamanator/Desktop/Git/lamduong33.github.io/node_modules/typescript/lib/lib.es2015.reflect.d.ts","/home/lamanator/Desktop/Git/lamduong33.github.io/node_modules/typescript/lib/lib.es2015.symbol.d.ts","/home/lamanator/Desktop/Git/lamduong33.github.io/node_modules/typescript/lib/lib.es2015.symbol.wellknown.d.ts","/home/lamanator/Desktop/Git/lamduong33.github.io/node_modules/typescript/lib/lib.es2016.array.include.d.ts","/home/lamanator/Desktop/Git/lamduong33.github.io/node_modules/typescript/lib/lib.es2016.full.d.ts","/home/lamanator/Desktop/Git/lamduong33.github.io/src/components/Todo.js","/home/lamanator/Desktop/Git/lamduong33.github.io/src/components/FilterButton.js","/home/lamanator/Desktop/Git/lamduong33.github.io/src/components/Form.js","/home/lamanator/Desktop/Git/lamduong33.github.io/src/App.js"],"compilerOptions":{"module":1,"target":3,"jsx":1,"allowJs":true,"allowSyntheticDefaultImports":true,"allowNonTsExtensions":true,"noEmitForJsFiles":true,"maxNodeModuleJsDepth":2},"typeAcquisition":{"enable":true,"include":[],"exclude":[]},"unresolvedImports":[],"projectRootPath":"/home/lamanator/Desktop/Git/lamduong33.github.io/src","kind":"discover"}
[22:45:22.732] Explicitly included types: []
[22:45:22.732] Inferred typings from unresolved imports: []
[22:45:22.732] Result: {"cachedTypingPaths":[],"newTypingNames":[],"filesToWatch":["/home/lamanator/Desktop/Git/lamduong33.github.io/src/components/bower_components","/home/lamanator/Desktop/Git/lamduong33.github.io/src/components/node_modules","/home/lamanator/Desktop/Git/lamduong33.github.io/src/bower_components","/home/lamanator/Desktop/Git/lamduong33.github.io/src/node_modules"]}
[22:45:22.732] Finished typings discovery: {"cachedTypingPaths":[],"newTypingNames":[],"filesToWatch":["/home/lamanator/Desktop/Git/lamduong33.github.io/src/components/bower_components","/home/lamanator/Desktop/Git/lamduong33.github.io/src/components/node_modules","/home/lamanator/Desktop/Git/lamduong33.github.io/src/bower_components","/home/lamanator/Desktop/Git/lamduong33.github.io/src/node_modules"]}
[22:45:22.732] Sending response:
    {"projectName":"/dev/null/inferredProject1*","typeAcquisition":{"enable":true,"include":[],"exclude":[]},"compilerOptions":{"module":1,"target":3,"jsx":1,"allowJs":true,"allowSyntheticDefaultImports":true,"allowNonTsExtensions":true,"noEmitForJsFiles":true,"maxNodeModuleJsDepth":2},"typings":[],"unresolvedImports":[],"kind":"action::set"}
[22:45:22.732] Response has been sent.
[22:45:22.732] No new typings were requested as a result of typings discovery
[22:51:20.340] Got install request {"projectName":"/dev/null/inferredProject2*","fileNames":["/home/lamanator/Desktop/Git/lamduong33.github.io/node_modules/typescript/lib/lib.es5.d.ts","/home/lamanator/Desktop/Git/lamduong33.github.io/node_modules/typescript/lib/lib.es2015.d.ts","/home/lamanator/Desktop/Git/lamduong33.github.io/node_modules/typescript/lib/lib.es2016.d.ts","/home/lamanator/Desktop/Git/lamduong33.github.io/node_modules/typescript/lib/lib.dom.d.ts","/home/lamanator/Desktop/Git/lamduong33.github.io/node_modules/typescript/lib/lib.dom.iterable.d.ts","/home/lamanator/Desktop/Git/lamduong33.github.io/node_modules/typescript/lib/lib.webworker.importscripts.d.ts","/home/lamanator/Desktop/Git/lamduong33.github.io/node_modules/typescript/lib/lib.scripthost.d.ts","/home/lamanator/Desktop/Git/lamduong33.github.io/node_modules/typescript/lib/lib.es2015.core.d.ts","/home/lamanator/Desktop/Git/lamduong33.github.io/node_modules/typescript/lib/lib.es2015.collection.d.ts","/home/lamanator/Desktop/Git/lamduong33.github.io/node_modules/typescript/lib/lib.es2015.generator.d.ts","/home/lamanator/Desktop/Git/lamduong33.github.io/node_modules/typescript/lib/lib.es2015.iterable.d.ts","/home/lamanator/Desktop/Git/lamduong33.github.io/node_modules/typescript/lib/lib.es2015.promise.d.ts","/home/lamanator/Desktop/Git/lamduong33.github.io/node_modules/typescript/lib/lib.es2015.proxy.d.ts","/home/lamanator/Desktop/Git/lamduong33.github.io/node_modules/typescript/lib/lib.es2015.reflect.d.ts","/home/lamanator/Desktop/Git/lamduong33.github.io/node_modules/typescript/lib/lib.es2015.symbol.d.ts","/home/lamanator/Desktop/Git/lamduong33.github.io/node_modules/typescript/lib/lib.es2015.symbol.wellknown.d.ts","/home/lamanator/Desktop/Git/lamduong33.github.io/node_modules/typescript/lib/lib.es2016.array.include.d.ts","/home/lamanator/Desktop/Git/lamduong33.github.io/node_modules/typescript/lib/lib.es2016.full.d.ts","/home/lamanator/Desktop/Git/lamduong33.github.io/src/components/Todo.js","/home/lamanator/Desktop/Git/lamduong33.github.io/src/components/FilterButton.js","/home/lamanator/Desktop/Git/lamduong33.github.io/src/components/Form.js","/home/lamanator/Desktop/Git/lamduong33.github.io/src/App.js","/home/lamanator/Desktop/Git/lamduong33.github.io/src/index.js"],"compilerOptions":{"module":1,"target":3,"jsx":1,"allowJs":true,"allowSyntheticDefaultImports":true,"allowNonTsExtensions":true,"noEmitForJsFiles":true,"maxNodeModuleJsDepth":2},"typeAcquisition":{"enable":true,"include":[],"exclude":[]},"unresolvedImports":[],"projectRootPath":"/home/lamanator/Desktop/Git/lamduong33.github.io/src","kind":"discover"}
[22:51:20.340] Explicitly included types: []
[22:51:20.340] Inferred typings from unresolved imports: []
[22:51:20.340] Result: {"cachedTypingPaths":[],"newTypingNames":[],"filesToWatch":["/home/lamanator/Desktop/Git/lamduong33.github.io/src/components/bower_components","/home/lamanator/Desktop/Git/lamduong33.github.io/src/components/node_modules","/home/lamanator/Desktop/Git/lamduong33.github.io/src/bower_components","/home/lamanator/Desktop/Git/lamduong33.github.io/src/node_modules"]}
[22:51:20.340] Finished typings discovery: {"cachedTypingPaths":[],"newTypingNames":[],"filesToWatch":["/home/lamanator/Desktop/Git/lamduong33.github.io/src/components/bower_components","/home/lamanator/Desktop/Git/lamduong33.github.io/src/components/node_modules","/home/lamanator/Desktop/Git/lamduong33.github.io/src/bower_components","/home/lamanator/Desktop/Git/lamduong33.github.io/src/node_modules"]}
[22:51:20.340] DirectoryWatcher:: Added:: WatchInfo: /home/lamanator/Desktop/Git/lamduong33.github.io/src/components
[22:51:20.340] DirectoryWatcher:: Added:: WatchInfo: /home/lamanator/Desktop/Git/lamduong33.github.io/src/components 1 undefined Project: /dev/null/inferredProject2* watcher already invoked: false
[22:51:20.340] Elapsed:: 0.01958700269460678ms DirectoryWatcher:: Added:: WatchInfo: /home/lamanator/Desktop/Git/lamduong33.github.io/src/components 1 undefined Project: /dev/null/inferredProject2* watcher already invoked: false
[22:51:20.340] DirectoryWatcher:: Added:: WatchInfo: /home/lamanator/Desktop/Git/lamduong33.github.io/src/bower_components
[22:51:20.340] DirectoryWatcher:: Added:: WatchInfo: /home/lamanator/Desktop/Git/lamduong33.github.io/src/bower_components 1 undefined Project: /dev/null/inferredProject2* watcher already invoked: false
[22:51:20.340] Elapsed:: 0.013382002711296082ms DirectoryWatcher:: Added:: WatchInfo: /home/lamanator/Desktop/Git/lamduong33.github.io/src/bower_components 1 undefined Project: /dev/null/inferredProject2* watcher already invoked: false
[22:51:20.340] DirectoryWatcher:: Added:: WatchInfo: /home/lamanator/Desktop/Git/lamduong33.github.io/src/node_modules
[22:51:20.340] DirectoryWatcher:: Added:: WatchInfo: /home/lamanator/Desktop/Git/lamduong33.github.io/src/node_modules 1 undefined Project: /dev/null/inferredProject2* watcher already invoked: false
[22:51:20.340] Elapsed:: 0.009779997169971466ms DirectoryWatcher:: Added:: WatchInfo: /home/lamanator/Desktop/Git/lamduong33.github.io/src/node_modules 1 undefined Project: /dev/null/inferredProject2* watcher already invoked: false
[22:51:20.341] Sending response:
    {"projectName":"/dev/null/inferredProject2*","typeAcquisition":{"enable":true,"include":[],"exclude":[]},"compilerOptions":{"module":1,"target":3,"jsx":1,"allowJs":true,"allowSyntheticDefaultImports":true,"allowNonTsExtensions":true,"noEmitForJsFiles":true,"maxNodeModuleJsDepth":2},"typings":[],"unresolvedImports":[],"kind":"action::set"}
[22:51:20.341] Response has been sent.
[22:51:20.341] No new typings were requested as a result of typings discovery
