[23:59:48.654] Global cache location '/home/lamanator/.cache/typescript/4.7', safe file path '/home/lamanator/Desktop/Git/lamduong33.github.io/node_modules/typescript/lib/typingSafeList.json', types map path /home/lamanator/Desktop/Git/lamduong33.github.io/node_modules/typescript/lib/typesMap.json
[23:59:48.655] Processing cache location '/home/lamanator/.cache/typescript/4.7'
[23:59:48.655] Trying to find '/home/lamanator/.cache/typescript/4.7/package.json'...
[23:59:48.656] Loaded content of '/home/lamanator/.cache/typescript/4.7/package.json': {"private":true,"dependencies":{"types-registry":"^0.1.595"},"devDependencies":{"@types/ffmpeg":"^1.0.4","@types/fluent-ffmpeg":"^2.1.20","@types/npm":"^7.19.0","@types/react":"^18.0.12","@types/react-dom":"^18.0.5","@types/testing-library__jest-dom":"^5.14.3"}}
[23:59:48.656] Loaded content of '/home/lamanator/.cache/typescript/4.7/package-lock.json'
[23:59:48.663] Adding entry into typings cache: 'ffmpeg' => '/home/lamanator/.cache/typescript/4.7/node_modules/@types/ffmpeg/index.d.ts'
[23:59:48.665] Adding entry into typings cache: 'fluent-ffmpeg' => '/home/lamanator/.cache/typescript/4.7/node_modules/@types/fluent-ffmpeg/index.d.ts'
[23:59:48.665] Adding entry into typings cache: 'npm' => '/home/lamanator/.cache/typescript/4.7/node_modules/@types/npm/index.d.ts'
[23:59:48.667] Adding entry into typings cache: 'react' => '/home/lamanator/.cache/typescript/4.7/node_modules/@types/react/index.d.ts'
[23:59:48.668] Adding entry into typings cache: 'react-dom' => '/home/lamanator/.cache/typescript/4.7/node_modules/@types/react-dom/index.d.ts'
[23:59:48.669] Adding entry into typings cache: 'testing-library__jest-dom' => '/home/lamanator/.cache/typescript/4.7/node_modules/@types/testing-library__jest-dom/index.d.ts'
[23:59:48.669] Finished processing cache location '/home/lamanator/.cache/typescript/4.7'
[23:59:48.670] Process id: 263884
[23:59:48.670] NPM location: /usr/bin/npm (explicit '--npmLocation' not  provided)
[23:59:48.670] validateDefaultNpmLocation: false
[23:59:48.670] Npm config file: /home/lamanator/.cache/typescript/4.7/package.json
[23:59:48.670] Updating types-registry npm package...
[23:59:48.670] Exec: /usr/bin/npm install --ignore-scripts types-registry@latest
[23:59:49.322]     Succeeded. stdout:
    
    up to date, audited 27 packages in 548ms

3 packages are looking for funding
  run `npm fund` for details

found 0 vulnerabilities

[23:59:49.322] Updated types-registry npm package
[23:59:49.868] Got install request {"projectName":"/dev/null/inferredProject1*","fileNames":["/home/lamanator/Desktop/Git/lamduong33.github.io/node_modules/typescript/lib/lib.es5.d.ts","/home/lamanator/Desktop/Git/lamduong33.github.io/node_modules/typescript/lib/lib.es2015.d.ts","/home/lamanator/Desktop/Git/lamduong33.github.io/node_modules/typescript/lib/lib.es2016.d.ts","/home/lamanator/Desktop/Git/lamduong33.github.io/node_modules/typescript/lib/lib.dom.d.ts","/home/lamanator/Desktop/Git/lamduong33.github.io/node_modules/typescript/lib/lib.dom.iterable.d.ts","/home/lamanator/Desktop/Git/lamduong33.github.io/node_modules/typescript/lib/lib.webworker.importscripts.d.ts","/home/lamanator/Desktop/Git/lamduong33.github.io/node_modules/typescript/lib/lib.scripthost.d.ts","/home/lamanator/Desktop/Git/lamduong33.github.io/node_modules/typescript/lib/lib.es2015.core.d.ts","/home/lamanator/Desktop/Git/lamduong33.github.io/node_modules/typescript/lib/lib.es2015.collection.d.ts","/home/lamanator/Desktop/Git/lamduong33.github.io/node_modules/typescript/lib/lib.es2015.generator.d.ts","/home/lamanator/Desktop/Git/lamduong33.github.io/node_modules/typescript/lib/lib.es2015.iterable.d.ts","/home/lamanator/Desktop/Git/lamduong33.github.io/node_modules/typescript/lib/lib.es2015.promise.d.ts","/home/lamanator/Desktop/Git/lamduong33.github.io/node_modules/typescript/lib/lib.es2015.proxy.d.ts","/home/lamanator/Desktop/Git/lamduong33.github.io/node_modules/typescript/lib/lib.es2015.reflect.d.ts","/home/lamanator/Desktop/Git/lamduong33.github.io/node_modules/typescript/lib/lib.es2015.symbol.d.ts","/home/lamanator/Desktop/Git/lamduong33.github.io/node_modules/typescript/lib/lib.es2015.symbol.wellknown.d.ts","/home/lamanator/Desktop/Git/lamduong33.github.io/node_modules/typescript/lib/lib.es2016.array.include.d.ts","/home/lamanator/Desktop/Git/lamduong33.github.io/node_modules/typescript/lib/lib.es2016.full.d.ts","/home/lamanator/Desktop/Git/lamduong33.github.io/src/components/Todo.js","/home/lamanator/Desktop/Git/lamduong33.github.io/src/components/FilterButton.js","/home/lamanator/Desktop/Git/lamduong33.github.io/src/components/Form.js","/home/lamanator/Desktop/Git/lamduong33.github.io/src/App.js"],"compilerOptions":{"module":1,"target":3,"jsx":1,"allowJs":true,"allowSyntheticDefaultImports":true,"allowNonTsExtensions":true,"noEmitForJsFiles":true,"maxNodeModuleJsDepth":2},"typeAcquisition":{"enable":true,"include":[],"exclude":[]},"unresolvedImports":[],"projectRootPath":"/home/lamanator/Desktop/Git/lamduong33.github.io/src","kind":"discover"}
[23:59:49.874] Loaded safelist from types map file '/home/lamanator/Desktop/Git/lamduong33.github.io/node_modules/typescript/lib/typesMap.json'
[23:59:49.874] Explicitly included types: []
[23:59:49.875] Inferred typings from unresolved imports: []
[23:59:49.875] Result: {"cachedTypingPaths":[],"newTypingNames":[],"filesToWatch":["/home/lamanator/Desktop/Git/lamduong33.github.io/src/components/bower_components","/home/lamanator/Desktop/Git/lamduong33.github.io/src/components/node_modules","/home/lamanator/Desktop/Git/lamduong33.github.io/src/bower_components","/home/lamanator/Desktop/Git/lamduong33.github.io/src/node_modules"]}
[23:59:49.875] Finished typings discovery: {"cachedTypingPaths":[],"newTypingNames":[],"filesToWatch":["/home/lamanator/Desktop/Git/lamduong33.github.io/src/components/bower_components","/home/lamanator/Desktop/Git/lamduong33.github.io/src/components/node_modules","/home/lamanator/Desktop/Git/lamduong33.github.io/src/bower_components","/home/lamanator/Desktop/Git/lamduong33.github.io/src/node_modules"]}
[23:59:49.875] DirectoryWatcher:: Added:: WatchInfo: /home/lamanator/Desktop/Git/lamduong33.github.io/src/components
[23:59:49.875] DirectoryWatcher:: Added:: WatchInfo: /home/lamanator/Desktop/Git/lamduong33.github.io/src/components 1 undefined Project: /dev/null/inferredProject1* watcher already invoked: false
[23:59:49.876] Elapsed:: 0.9294650033116341ms DirectoryWatcher:: Added:: WatchInfo: /home/lamanator/Desktop/Git/lamduong33.github.io/src/components 1 undefined Project: /dev/null/inferredProject1* watcher already invoked: false
[23:59:49.876] DirectoryWatcher:: Added:: WatchInfo: /home/lamanator/Desktop/Git/lamduong33.github.io/src/bower_components
[23:59:49.876] DirectoryWatcher:: Added:: WatchInfo: /home/lamanator/Desktop/Git/lamduong33.github.io/src/bower_components 1 undefined Project: /dev/null/inferredProject1* watcher already invoked: false
[23:59:49.877] Elapsed:: 0.48224300146102905ms DirectoryWatcher:: Added:: WatchInfo: /home/lamanator/Desktop/Git/lamduong33.github.io/src/bower_components 1 undefined Project: /dev/null/inferredProject1* watcher already invoked: false
[23:59:49.877] DirectoryWatcher:: Added:: WatchInfo: /home/lamanator/Desktop/Git/lamduong33.github.io/src/node_modules
[23:59:49.877] DirectoryWatcher:: Added:: WatchInfo: /home/lamanator/Desktop/Git/lamduong33.github.io/src/node_modules 1 undefined Project: /dev/null/inferredProject1* watcher already invoked: false
[23:59:49.877] Elapsed:: 0.10301700234413147ms DirectoryWatcher:: Added:: WatchInfo: /home/lamanator/Desktop/Git/lamduong33.github.io/src/node_modules 1 undefined Project: /dev/null/inferredProject1* watcher already invoked: false
[23:59:49.877] Sending response:
    {"projectName":"/dev/null/inferredProject1*","typeAcquisition":{"enable":true,"include":[],"exclude":[]},"compilerOptions":{"module":1,"target":3,"jsx":1,"allowJs":true,"allowSyntheticDefaultImports":true,"allowNonTsExtensions":true,"noEmitForJsFiles":true,"maxNodeModuleJsDepth":2},"typings":[],"unresolvedImports":[],"kind":"action::set"}
[23:59:49.878] Response has been sent.
[23:59:49.878] No new typings were requested as a result of typings discovery
[11:26:41.226] sysLog:: onTimerToUpdateChildWatches:: 1
[11:26:41.227] sysLog:: invokingWatchers:: Elapsed:: 0.658548004925251ms:: 0
[11:26:41.228] DirectoryWatcher:: Triggered with /home/lamanator/Desktop/Git/lamduong33.github.io/src/components/Form.js 0:: WatchInfo: /home/lamanator/Desktop/Git/lamduong33.github.io/src/components 1 undefined Project: /dev/null/inferredProject1* watcher already invoked: false
[11:26:41.228] Elapsed:: 0.2112630009651184ms DirectoryWatcher:: Triggered with /home/lamanator/Desktop/Git/lamduong33.github.io/src/components/Form.js 0:: WatchInfo: /home/lamanator/Desktop/Git/lamduong33.github.io/src/components 1 undefined Project: /dev/null/inferredProject1* watcher already invoked: false
[11:26:41.228] DirectoryWatcher:: Triggered with /home/lamanator/Desktop/Git/lamduong33.github.io/src/components/Form.js 1:: WatchInfo: /home/lamanator/Desktop/Git/lamduong33.github.io/src/components 1 undefined Project: /dev/null/inferredProject1* watcher already invoked: false
[11:26:41.228] Elapsed:: 0.020983003079891205ms DirectoryWatcher:: Triggered with /home/lamanator/Desktop/Git/lamduong33.github.io/src/components/Form.js 1:: WatchInfo: /home/lamanator/Desktop/Git/lamduong33.github.io/src/components 1 undefined Project: /dev/null/inferredProject1* watcher already invoked: false
[11:26:41.228] DirectoryWatcher:: Triggered with /home/lamanator/Desktop/Git/lamduong33.github.io/src/components/Todo.js 2:: WatchInfo: /home/lamanator/Desktop/Git/lamduong33.github.io/src/components 1 undefined Project: /dev/null/inferredProject1* watcher already invoked: false
[11:26:41.229] Elapsed:: 0.016784004867076874ms DirectoryWatcher:: Triggered with /home/lamanator/Desktop/Git/lamduong33.github.io/src/components/Todo.js 2:: WatchInfo: /home/lamanator/Desktop/Git/lamduong33.github.io/src/components 1 undefined Project: /dev/null/inferredProject1* watcher already invoked: false
[11:26:41.229] DirectoryWatcher:: Triggered with /home/lamanator/Desktop/Git/lamduong33.github.io/src/components/Todo.js 3:: WatchInfo: /home/lamanator/Desktop/Git/lamduong33.github.io/src/components 1 undefined Project: /dev/null/inferredProject1* watcher already invoked: false
[11:26:41.229] Elapsed:: 0.015248000621795654ms DirectoryWatcher:: Triggered with /home/lamanator/Desktop/Git/lamduong33.github.io/src/components/Todo.js 3:: WatchInfo: /home/lamanator/Desktop/Git/lamduong33.github.io/src/components 1 undefined Project: /dev/null/inferredProject1* watcher already invoked: false
[11:26:41.229] sysLog:: Elapsed:: 3.0405580028891563ms:: onTimerToUpdateChildWatches:: 0 undefined
[11:26:42.548] Got install request {"projectName":"/dev/null/inferredProject1*","fileNames":["/home/lamanator/Desktop/Git/lamduong33.github.io/node_modules/typescript/lib/lib.es5.d.ts","/home/lamanator/Desktop/Git/lamduong33.github.io/node_modules/typescript/lib/lib.es2015.d.ts","/home/lamanator/Desktop/Git/lamduong33.github.io/node_modules/typescript/lib/lib.es2016.d.ts","/home/lamanator/Desktop/Git/lamduong33.github.io/node_modules/typescript/lib/lib.dom.d.ts","/home/lamanator/Desktop/Git/lamduong33.github.io/node_modules/typescript/lib/lib.dom.iterable.d.ts","/home/lamanator/Desktop/Git/lamduong33.github.io/node_modules/typescript/lib/lib.webworker.importscripts.d.ts","/home/lamanator/Desktop/Git/lamduong33.github.io/node_modules/typescript/lib/lib.scripthost.d.ts","/home/lamanator/Desktop/Git/lamduong33.github.io/node_modules/typescript/lib/lib.es2015.core.d.ts","/home/lamanator/Desktop/Git/lamduong33.github.io/node_modules/typescript/lib/lib.es2015.collection.d.ts","/home/lamanator/Desktop/Git/lamduong33.github.io/node_modules/typescript/lib/lib.es2015.generator.d.ts","/home/lamanator/Desktop/Git/lamduong33.github.io/node_modules/typescript/lib/lib.es2015.iterable.d.ts","/home/lamanator/Desktop/Git/lamduong33.github.io/node_modules/typescript/lib/lib.es2015.promise.d.ts","/home/lamanator/Desktop/Git/lamduong33.github.io/node_modules/typescript/lib/lib.es2015.proxy.d.ts","/home/lamanator/Desktop/Git/lamduong33.github.io/node_modules/typescript/lib/lib.es2015.reflect.d.ts","/home/lamanator/Desktop/Git/lamduong33.github.io/node_modules/typescript/lib/lib.es2015.symbol.d.ts","/home/lamanator/Desktop/Git/lamduong33.github.io/node_modules/typescript/lib/lib.es2015.symbol.wellknown.d.ts","/home/lamanator/Desktop/Git/lamduong33.github.io/node_modules/typescript/lib/lib.es2016.array.include.d.ts","/home/lamanator/Desktop/Git/lamduong33.github.io/node_modules/typescript/lib/lib.es2016.full.d.ts","/home/lamanator/Desktop/Git/lamduong33.github.io/src/components/Todo.js","/home/lamanator/Desktop/Git/lamduong33.github.io/src/components/FilterButton.js","/home/lamanator/Desktop/Git/lamduong33.github.io/src/components/Form.js","/home/lamanator/Desktop/Git/lamduong33.github.io/src/App.js"],"compilerOptions":{"module":1,"target":3,"jsx":1,"allowJs":true,"allowSyntheticDefaultImports":true,"allowNonTsExtensions":true,"noEmitForJsFiles":true,"maxNodeModuleJsDepth":2},"typeAcquisition":{"enable":true,"include":[],"exclude":[]},"unresolvedImports":[],"projectRootPath":"/home/lamanator/Desktop/Git/lamduong33.github.io/src","kind":"discover"}
[11:26:42.548] Explicitly included types: []
[11:26:42.548] Inferred typings from unresolved imports: []
[11:26:42.548] Result: {"cachedTypingPaths":[],"newTypingNames":[],"filesToWatch":["/home/lamanator/Desktop/Git/lamduong33.github.io/src/components/bower_components","/home/lamanator/Desktop/Git/lamduong33.github.io/src/components/node_modules","/home/lamanator/Desktop/Git/lamduong33.github.io/src/bower_components","/home/lamanator/Desktop/Git/lamduong33.github.io/src/node_modules"]}
[11:26:42.549] Finished typings discovery: {"cachedTypingPaths":[],"newTypingNames":[],"filesToWatch":["/home/lamanator/Desktop/Git/lamduong33.github.io/src/components/bower_components","/home/lamanator/Desktop/Git/lamduong33.github.io/src/components/node_modules","/home/lamanator/Desktop/Git/lamduong33.github.io/src/bower_components","/home/lamanator/Desktop/Git/lamduong33.github.io/src/node_modules"]}
[11:26:42.549] Sending response:
    {"projectName":"/dev/null/inferredProject1*","typeAcquisition":{"enable":true,"include":[],"exclude":[]},"compilerOptions":{"module":1,"target":3,"jsx":1,"allowJs":true,"allowSyntheticDefaultImports":true,"allowNonTsExtensions":true,"noEmitForJsFiles":true,"maxNodeModuleJsDepth":2},"typings":[],"unresolvedImports":[],"kind":"action::set"}
[11:26:42.549] Response has been sent.
[11:26:42.549] No new typings were requested as a result of typings discovery
[12:03:31.070] Got install request {"projectName":"/dev/null/inferredProject1*","fileNames":["/home/lamanator/Desktop/Git/lamduong33.github.io/node_modules/typescript/lib/lib.es5.d.ts","/home/lamanator/Desktop/Git/lamduong33.github.io/node_modules/typescript/lib/lib.es2015.d.ts","/home/lamanator/Desktop/Git/lamduong33.github.io/node_modules/typescript/lib/lib.es2016.d.ts","/home/lamanator/Desktop/Git/lamduong33.github.io/node_modules/typescript/lib/lib.dom.d.ts","/home/lamanator/Desktop/Git/lamduong33.github.io/node_modules/typescript/lib/lib.dom.iterable.d.ts","/home/lamanator/Desktop/Git/lamduong33.github.io/node_modules/typescript/lib/lib.webworker.importscripts.d.ts","/home/lamanator/Desktop/Git/lamduong33.github.io/node_modules/typescript/lib/lib.scripthost.d.ts","/home/lamanator/Desktop/Git/lamduong33.github.io/node_modules/typescript/lib/lib.es2015.core.d.ts","/home/lamanator/Desktop/Git/lamduong33.github.io/node_modules/typescript/lib/lib.es2015.collection.d.ts","/home/lamanator/Desktop/Git/lamduong33.github.io/node_modules/typescript/lib/lib.es2015.generator.d.ts","/home/lamanator/Desktop/Git/lamduong33.github.io/node_modules/typescript/lib/lib.es2015.iterable.d.ts","/home/lamanator/Desktop/Git/lamduong33.github.io/node_modules/typescript/lib/lib.es2015.promise.d.ts","/home/lamanator/Desktop/Git/lamduong33.github.io/node_modules/typescript/lib/lib.es2015.proxy.d.ts","/home/lamanator/Desktop/Git/lamduong33.github.io/node_modules/typescript/lib/lib.es2015.reflect.d.ts","/home/lamanator/Desktop/Git/lamduong33.github.io/node_modules/typescript/lib/lib.es2015.symbol.d.ts","/home/lamanator/Desktop/Git/lamduong33.github.io/node_modules/typescript/lib/lib.es2015.symbol.wellknown.d.ts","/home/lamanator/Desktop/Git/lamduong33.github.io/node_modules/typescript/lib/lib.es2016.array.include.d.ts","/home/lamanator/Desktop/Git/lamduong33.github.io/node_modules/typescript/lib/lib.es2016.full.d.ts","/home/lamanator/Desktop/Git/lamduong33.github.io/src/components/Form.js","/home/lamanator/Desktop/Git/lamduong33.github.io/src/App.js"],"compilerOptions":{"module":1,"target":3,"jsx":1,"allowJs":true,"allowSyntheticDefaultImports":true,"allowNonTsExtensions":true,"noEmitForJsFiles":true,"maxNodeModuleJsDepth":2},"typeAcquisition":{"enable":true,"include":[],"exclude":[]},"unresolvedImports":[],"projectRootPath":"/home/lamanator/Desktop/Git/lamduong33.github.io/src","kind":"discover"}
[12:03:31.070] Explicitly included types: []
[12:03:31.070] Inferred typings from unresolved imports: []
[12:03:31.071] Result: {"cachedTypingPaths":[],"newTypingNames":[],"filesToWatch":["/home/lamanator/Desktop/Git/lamduong33.github.io/src/components/bower_components","/home/lamanator/Desktop/Git/lamduong33.github.io/src/components/node_modules","/home/lamanator/Desktop/Git/lamduong33.github.io/src/bower_components","/home/lamanator/Desktop/Git/lamduong33.github.io/src/node_modules"]}
[12:03:31.071] Finished typings discovery: {"cachedTypingPaths":[],"newTypingNames":[],"filesToWatch":["/home/lamanator/Desktop/Git/lamduong33.github.io/src/components/bower_components","/home/lamanator/Desktop/Git/lamduong33.github.io/src/components/node_modules","/home/lamanator/Desktop/Git/lamduong33.github.io/src/bower_components","/home/lamanator/Desktop/Git/lamduong33.github.io/src/node_modules"]}
[12:03:31.071] Sending response:
    {"projectName":"/dev/null/inferredProject1*","typeAcquisition":{"enable":true,"include":[],"exclude":[]},"compilerOptions":{"module":1,"target":3,"jsx":1,"allowJs":true,"allowSyntheticDefaultImports":true,"allowNonTsExtensions":true,"noEmitForJsFiles":true,"maxNodeModuleJsDepth":2},"typings":[],"unresolvedImports":[],"kind":"action::set"}
[12:03:31.071] Response has been sent.
[12:03:31.071] No new typings were requested as a result of typings discovery
